<?xml version="1.0" encoding="UTF-8"?>
<testsuite name="proglang.Question7Tests" tests="10" skipped="0" failures="0" errors="0" timestamp="2024-04-20T11:53:00" hostname="dyn28227-183.wlan.ic.ac.uk" time="6.208">
  <properties/>
  <testcase name="message passing 1" classname="proglang.Question7Tests" time="0.339"/>
  <testcase name="message passing 2" classname="proglang.Question7Tests" time="0.283"/>
  <testcase name="store buffering 1" classname="proglang.Question7Tests" time="1.263"/>
  <testcase name="store buffering 2" classname="proglang.Question7Tests" time="1.3"/>
  <testcase name="store buffering 3" classname="proglang.Question7Tests" time="0.29"/>
  <testcase name="lots of additions 1" classname="proglang.Question7Tests" time="0.051"/>
  <testcase name="lots of additions 2" classname="proglang.Question7Tests" time="0.275"/>
  <testcase name="exception if durations and pauses do not match" classname="proglang.Question7Tests" time="0.001"/>
  <testcase name="zero sum game 1" classname="proglang.Question7Tests" time="1.695"/>
  <testcase name="zero sum game 2" classname="proglang.Question7Tests" time="0.707"/>
  <system-out><![CDATA[]]></system-out>
  <system-err><![CDATA[]]></system-err>
</testsuite>
